# JRE version: OpenJDK Runtime Environment Temurin-21.0.10+7 (21.0.10+7) (build 21.0.10+7-LTS)
# Java VM: OpenJDK 64-Bit Server VM Temurin-21.0.10+7 (21.0.10+7-LTS, mixed mode, sharing, tiered, compressed oops, compressed class ptrs, parallel gc, windows-amd64)
GC Precious Log:
 CardTable entry size: 512
 CPUs: 8 total, 8 available
 Memory: 8078M
 Large Page Support: Disabled
 NUMA Support: Disabled
 Compressed Oops: Enabled (32-bit)
 Alignments: Space 512K, Generation 512K, Heap 2M
 Heap Min Capacity: 100M
 Heap Initial Capacity: 100M
 Heap Max Capacity: 2G
 Pre-touch: Disabled
 Parallel Workers: 8
Heap:
 PSYoungGen      total 6144K, used 3453K [0x00000000d5580000, 0x00000000d6400000, 0x0000000100000000)
  eden space 4096K, 43% used [0x00000000d5580000,0x00000000d573f620,0x00000000d5980000)
  from space 2048K, 81% used [0x00000000d6200000,0x00000000d63a0000,0x00000000d6400000)
  to   space 3584K, 0% used [0x00000000d5d00000,0x00000000d5d00000,0x00000000d6080000)
 ParOldGen       total 592896K, used 268588K [0x0000000080000000, 0x00000000a4300000, 0x00000000d5580000)
  object space 592896K, 45% used [0x0000000080000000,0x000000009064b2e8,0x00000000a4300000)
 Metaspace       used 81765K, committed 83392K, reserved 1179648K
  class space    used 8349K, committed 9152K, reserved 1048576K
GC Heap History (20 events):
Event: 175025.389 GC heap before
{Heap before GC invocations=1033 (full 4):
 PSYoungGen      total 1536K, used 1483K [0x00000000d5580000, 0x00000000d5a80000, 0x0000000100000000)
  eden space 1024K, 97% used [0x00000000d5580000,0x00000000d5678e38,0x00000000d5680000)
  from space 512K, 95% used [0x00000000d5a00000,0x00000000d5a7a000,0x00000000d5a80000)
  to   space 1024K, 0% used [0x00000000d5880000,0x00000000d5880000,0x00000000d5980000)
 ParOldGen       total 592896K, used 252277K [0x0000000080000000, 0x00000000a4300000, 0x00000000d5580000)
  object space 592896K, 42% used [0x0000000080000000,0x000000008f65d538,0x00000000a4300000)
 Metaspace       used 81714K, committed 83392K, reserved 1179648K
  class space    used 8349K, committed 9152K, reserved 1048576K
}
Event: 175025.393 GC heap after
{Heap after GC invocations=1033 (full 4):
 PSYoungGen      total 2560K, used 1024K [0x00000000d5580000, 0x00000000d5a80000, 0x0000000100000000)
  eden space 1536K, 0% used [0x00000000d5580000,0x00000000d5580000,0x00000000d5700000)
  from space 1024K, 100% used [0x00000000d5880000,0x00000000d5980000,0x00000000d5980000)
  to   space 1024K, 0% used [0x00000000d5980000,0x00000000d5980000,0x00000000d5a80000)
 ParOldGen       total 592896K, used 252549K [0x0000000080000000, 0x00000000a4300000, 0x00000000d5580000)
  object space 592896K, 42% used [0x0000000080000000,0x000000008f6a1538,0x00000000a4300000)
 Metaspace       used 81714K, committed 83392K, reserved 1179648K
  class space    used 8349K, committed 9152K, reserved 1048576K
}
Event: 175025.513 GC heap before
{Heap before GC invocations=1034 (full 4):
 PSYoungGen      total 2560K, used 2556K [0x00000000d5580000, 0x00000000d5a80000, 0x0000000100000000)
  eden space 1536K, 99% used [0x00000000d5580000,0x00000000d56ff288,0x00000000d5700000)
  from space 1024K, 100% used [0x00000000d5880000,0x00000000d5980000,0x00000000d5980000)
  to   space 1024K, 0% used [0x00000000d5980000,0x00000000d5980000,0x00000000d5a80000)
 ParOldGen       total 592896K, used 252549K [0x0000000080000000, 0x00000000a4300000, 0x00000000d5580000)
  object space 592896K, 42% used [0x0000000080000000,0x000000008f6a1538,0x00000000a4300000)
 Metaspace       used 81714K, committed 83392K, reserved 1179648K
  class space    used 8349K, committed 9152K, reserved 1048576K
}
Event: 175025.521 GC heap after
{Heap after GC invocations=1034 (full 4):
 PSYoungGen      total 3072K, used 848K [0x00000000d5580000, 0x00000000d5a80000, 0x0000000100000000)
  eden space 2048K, 0% used [0x00000000d5580000,0x00000000d5580000,0x00000000d5780000)
  from space 1024K, 82% used [0x00000000d5980000,0x00000000d5a54020,0x00000000d5a80000)
  to   space 1024K, 0% used [0x00000000d5880000,0x00000000d5880000,0x00000000d5980000)
 ParOldGen       total 592896K, used 253189K [0x0000000080000000, 0x00000000a4300000, 0x00000000d5580000)
  object space 592896K, 42% used [0x0000000080000000,0x000000008f741538,0x00000000a4300000)
 Metaspace       used 81714K, committed 83392K, reserved 1179648K
  class space    used 8349K, committed 9152K, reserved 1048576K
}
Event: 175026.533 GC heap before
{Heap before GC invocations=1035 (full 4):
 PSYoungGen      total 3072K, used 2896K [0x00000000d5580000, 0x00000000d5a80000, 0x0000000100000000)
  eden space 2048K, 100% used [0x00000000d5580000,0x00000000d5780000,0x00000000d5780000)
  from space 1024K, 82% used [0x00000000d5980000,0x00000000d5a54020,0x00000000d5a80000)
  to   space 1024K, 0% used [0x00000000d5880000,0x00000000d5880000,0x00000000d5980000)
 ParOldGen       total 592896K, used 253189K [0x0000000080000000, 0x00000000a4300000, 0x00000000d5580000)
  object space 592896K, 42% used [0x0000000080000000,0x000000008f741538,0x00000000a4300000)
 Metaspace       used 81717K, committed 83392K, reserved 1179648K
  class space    used 8349K, committed 9152K, reserved 1048576K
}
Event: 175026.556 GC heap after
{Heap after GC invocations=1035 (full 4):
 PSYoungGen      total 3584K, used 192K [0x00000000d5580000, 0x00000000d5a00000, 0x0000000100000000)
  eden space 2560K, 0% used [0x00000000d5580000,0x00000000d5580000,0x00000000d5800000)
  from space 1024K, 18% used [0x00000000d5880000,0x00000000d58b0000,0x00000000d5980000)
  to   space 512K, 0% used [0x00000000d5980000,0x00000000d5980000,0x00000000d5a00000)
 ParOldGen       total 592896K, used 253931K [0x0000000080000000, 0x00000000a4300000, 0x00000000d5580000)
  object space 592896K, 42% used [0x0000000080000000,0x000000008f7fafc8,0x00000000a4300000)
 Metaspace       used 81717K, committed 83392K, reserved 1179648K
  class space    used 8349K, committed 9152K, reserved 1048576K
}
Event: 175160.879 GC heap before
{Heap before GC invocations=1036 (full 4):
 PSYoungGen      total 3584K, used 2649K [0x00000000d5580000, 0x00000000d5a00000, 0x0000000100000000)
  eden space 2560K, 95% used [0x00000000d5580000,0x00000000d57e6548,0x00000000d5800000)
  from space 1024K, 18% used [0x00000000d5880000,0x00000000d58b0000,0x00000000d5980000)
  to   space 512K, 0% used [0x00000000d5980000,0x00000000d5980000,0x00000000d5a00000)
 ParOldGen       total 592896K, used 253931K [0x0000000080000000, 0x00000000a4300000, 0x00000000d5580000)
  object space 592896K, 42% used [0x0000000080000000,0x000000008f7fafc8,0x00000000a4300000)
 Metaspace       used 81728K, committed 83392K, reserved 1179648K
  class space    used 8349K, committed 9152K, reserved 1048576K
}
Event: 175161.029 GC heap after
{Heap after GC invocations=1036 (full 4):
 PSYoungGen      total 3072K, used 336K [0x00000000d5580000, 0x00000000d5a00000, 0x0000000100000000)
  eden space 2560K, 0% used [0x00000000d5580000,0x00000000d5580000,0x00000000d5800000)
  from space 512K, 65% used [0x00000000d5980000,0x00000000d59d4030,0x00000000d5a00000)
  to   space 512K, 0% used [0x00000000d5900000,0x00000000d5900000,0x00000000d5980000)
 ParOldGen       total 592896K, used 253979K [0x0000000080000000, 0x00000000a4300000, 0x00000000d5580000)
  object space 592896K, 42% used [0x0000000080000000,0x000000008f806fc8,0x00000000a4300000)
 Metaspace       used 81728K, committed 83392K, reserved 1179648K
  class space    used 8349K, committed 9152K, reserved 1048576K
}
Event: 175161.116 GC heap before
{Heap before GC invocations=1037 (full 4):
 PSYoungGen      total 3072K, used 2896K [0x00000000d5580000, 0x00000000d5a00000, 0x0000000100000000)
  eden space 2560K, 100% used [0x00000000d5580000,0x00000000d5800000,0x00000000d5800000)
  from space 512K, 65% used [0x00000000d5980000,0x00000000d59d4030,0x00000000d5a00000)
  to   space 512K, 0% used [0x00000000d5900000,0x00000000d5900000,0x00000000d5980000)
 ParOldGen       total 592896K, used 253979K [0x0000000080000000, 0x00000000a4300000, 0x00000000d5580000)
  object space 592896K, 42% used [0x0000000080000000,0x000000008f806fc8,0x00000000a4300000)
 Metaspace       used 81728K, committed 83392K, reserved 1179648K
  class space    used 8349K, committed 9152K, reserved 1048576K
}
Event: 175161.138 GC heap after
{Heap after GC invocations=1037 (full 4):
 PSYoungGen      total 3072K, used 511K [0x00000000d5580000, 0x00000000d5f00000, 0x0000000100000000)
  eden space 2560K, 0% used [0x00000000d5580000,0x00000000d5580000,0x00000000d5800000)
  from space 512K, 99% used [0x00000000d5900000,0x00000000d597fc00,0x00000000d5980000)
  to   space 3584K, 0% used [0x00000000d5b80000,0x00000000d5b80000,0x00000000d5f00000)
 ParOldGen       total 592896K, used 256171K [0x0000000080000000, 0x00000000a4300000, 0x00000000d5580000)
  object space 592896K, 43% used [0x0000000080000000,0x000000008fa2ac08,0x00000000a4300000)
 Metaspace       used 81728K, committed 83392K, reserved 1179648K
  class space    used 8349K, committed 9152K, reserved 1048576K
}
Event: 175161.163 GC heap before
{Heap before GC invocations=1038 (full 4):
 PSYoungGen      total 3072K, used 3071K [0x00000000d5580000, 0x00000000d5f00000, 0x0000000100000000)
  eden space 2560K, 100% used [0x00000000d5580000,0x00000000d5800000,0x00000000d5800000)
  from space 512K, 99% used [0x00000000d5900000,0x00000000d597fc00,0x00000000d5980000)
  to   space 3584K, 0% used [0x00000000d5b80000,0x00000000d5b80000,0x00000000d5f00000)
 ParOldGen       total 592896K, used 256171K [0x0000000080000000, 0x00000000a4300000, 0x00000000d5580000)
  object space 592896K, 43% used [0x0000000080000000,0x000000008fa2ac08,0x00000000a4300000)
 Metaspace       used 81728K, committed 83392K, reserved 1179648K
  class space    used 8349K, committed 9152K, reserved 1048576K
}
Event: 175161.176 GC heap after
{Heap after GC invocations=1038 (full 4):
 PSYoungGen      total 6144K, used 2656K [0x00000000d5580000, 0x00000000d5e80000, 0x0000000100000000)
  eden space 3072K, 0% used [0x00000000d5580000,0x00000000d5580000,0x00000000d5880000)
  from space 3072K, 86% used [0x00000000d5b80000,0x00000000d5e18000,0x00000000d5e80000)
  to   space 3072K, 0% used [0x00000000d5880000,0x00000000d5880000,0x00000000d5b80000)
 ParOldGen       total 592896K, used 256722K [0x0000000080000000, 0x00000000a4300000, 0x00000000d5580000)
  object space 592896K, 43% used [0x0000000080000000,0x000000008fab4808,0x00000000a4300000)
 Metaspace       used 81728K, committed 83392K, reserved 1179648K
  class space    used 8349K, committed 9152K, reserved 1048576K
}
Event: 175161.322 GC heap before
{Heap before GC invocations=1039 (full 4):
 PSYoungGen      total 6144K, used 5658K [0x00000000d5580000, 0x00000000d5e80000, 0x0000000100000000)
  eden space 3072K, 97% used [0x00000000d5580000,0x00000000d586e810,0x00000000d5880000)
  from space 3072K, 86% used [0x00000000d5b80000,0x00000000d5e18000,0x00000000d5e80000)
  to   space 3072K, 0% used [0x00000000d5880000,0x00000000d5880000,0x00000000d5b80000)
 ParOldGen       total 592896K, used 256722K [0x0000000080000000, 0x00000000a4300000, 0x00000000d5580000)
  object space 592896K, 43% used [0x0000000080000000,0x000000008fab4808,0x00000000a4300000)
 Metaspace       used 81728K, committed 83392K, reserved 1179648K
  class space    used 8349K, committed 9152K, reserved 1048576K
}
Event: 175161.347 GC heap after
{Heap after GC invocations=1039 (full 4):
 PSYoungGen      total 6144K, used 2823K [0x00000000d5580000, 0x00000000d5f80000, 0x0000000100000000)
  eden space 3072K, 0% used [0x00000000d5580000,0x00000000d5580000,0x00000000d5880000)
  from space 3072K, 91% used [0x00000000d5880000,0x00000000d5b41c00,0x00000000d5b80000)
  to   space 3072K, 0% used [0x00000000d5c80000,0x00000000d5c80000,0x00000000d5f80000)
 ParOldGen       total 592896K, used 259282K [0x0000000080000000, 0x00000000a4300000, 0x00000000d5580000)
  object space 592896K, 43% used [0x0000000080000000,0x000000008fd34808,0x00000000a4300000)
 Metaspace       used 81728K, committed 83392K, reserved 1179648K
  class space    used 8349K, committed 9152K, reserved 1048576K
}
Event: 175161.416 GC heap before
{Heap before GC invocations=1040 (full 4):
 PSYoungGen      total 6144K, used 5895K [0x00000000d5580000, 0x00000000d5f80000, 0x0000000100000000)
  eden space 3072K, 100% used [0x00000000d5580000,0x00000000d5880000,0x00000000d5880000)
  from space 3072K, 91% used [0x00000000d5880000,0x00000000d5b41c00,0x00000000d5b80000)
  to   space 3072K, 0% used [0x00000000d5c80000,0x00000000d5c80000,0x00000000d5f80000)
 ParOldGen       total 592896K, used 259282K [0x0000000080000000, 0x00000000a4300000, 0x00000000d5580000)
  object space 592896K, 43% used [0x0000000080000000,0x000000008fd34808,0x00000000a4300000)
 Metaspace       used 81728K, committed 83392K, reserved 1179648K
  class space    used 8349K, committed 9152K, reserved 1048576K
}
Event: 175161.438 GC heap after
{Heap after GC invocations=1040 (full 4):
 PSYoungGen      total 7168K, used 2567K [0x00000000d5580000, 0x00000000d5f80000, 0x0000000100000000)
  eden space 4096K, 0% used [0x00000000d5580000,0x00000000d5580000,0x00000000d5980000)
  from space 3072K, 83% used [0x00000000d5c80000,0x00000000d5f01d70,0x00000000d5f80000)
  to   space 3072K, 0% used [0x00000000d5980000,0x00000000d5980000,0x00000000d5c80000)
 ParOldGen       total 592896K, used 261818K [0x0000000080000000, 0x00000000a4300000, 0x00000000d5580000)
  object space 592896K, 44% used [0x0000000080000000,0x000000008ffae808,0x00000000a4300000)
 Metaspace       used 81728K, committed 83392K, reserved 1179648K
  class space    used 8349K, committed 9152K, reserved 1048576K
}
Event: 175161.470 GC heap before
{Heap before GC invocations=1041 (full 4):
 PSYoungGen      total 7168K, used 6627K [0x00000000d5580000, 0x00000000d5f80000, 0x0000000100000000)
  eden space 4096K, 99% used [0x00000000d5580000,0x00000000d5977220,0x00000000d5980000)
  from space 3072K, 83% used [0x00000000d5c80000,0x00000000d5f01d70,0x00000000d5f80000)
  to   space 3072K, 0% used [0x00000000d5980000,0x00000000d5980000,0x00000000d5c80000)
 ParOldGen       total 592896K, used 261818K [0x0000000080000000, 0x00000000a4300000, 0x00000000d5580000)
  object space 592896K, 44% used [0x0000000080000000,0x000000008ffae808,0x00000000a4300000)
 Metaspace       used 81728K, committed 83392K, reserved 1179648K
  class space    used 8349K, committed 9152K, reserved 1048576K
}
Event: 175161.494 GC heap after
{Heap after GC invocations=1041 (full 4):
 PSYoungGen      total 7168K, used 3071K [0x00000000d5580000, 0x00000000d6980000, 0x0000000100000000)
  eden space 4096K, 0% used [0x00000000d5580000,0x00000000d5580000,0x00000000d5980000)
  from space 3072K, 99% used [0x00000000d5980000,0x00000000d5c7fc00,0x00000000d5c80000)
  to   space 7680K, 0% used [0x00000000d6200000,0x00000000d6200000,0x00000000d6980000)
 ParOldGen       total 592896K, used 265540K [0x0000000080000000, 0x00000000a4300000, 0x00000000d5580000)
  object space 592896K, 44% used [0x0000000080000000,0x00000000903512e8,0x00000000a4300000)
 Metaspace       used 81728K, committed 83392K, reserved 1179648K
  class space    used 8349K, committed 9152K, reserved 1048576K
}
Event: 175324.342 GC heap before
{Heap before GC invocations=1042 (full 4):
 PSYoungGen      total 7168K, used 7166K [0x00000000d5580000, 0x00000000d6980000, 0x0000000100000000)
  eden space 4096K, 99% used [0x00000000d5580000,0x00000000d597fe30,0x00000000d5980000)
  from space 3072K, 99% used [0x00000000d5980000,0x00000000d5c7fc00,0x00000000d5c80000)
  to   space 7680K, 0% used [0x00000000d6200000,0x00000000d6200000,0x00000000d6980000)
 ParOldGen       total 592896K, used 265540K [0x0000000080000000, 0x00000000a4300000, 0x00000000d5580000)
  object space 592896K, 44% used [0x0000000080000000,0x00000000903512e8,0x00000000a4300000)
 Metaspace       used 81733K, committed 83392K, reserved 1179648K
  class space    used 8349K, committed 9152K, reserved 1048576K
}
Event: 175324.472 GC heap after
{Heap after GC invocations=1042 (full 4):
 PSYoungGen      total 6144K, used 1664K [0x00000000d5580000, 0x00000000d6400000, 0x0000000100000000)
  eden space 4096K, 0% used [0x00000000d5580000,0x00000000d5580000,0x00000000d5980000)
  from space 2048K, 81% used [0x00000000d6200000,0x00000000d63a0000,0x00000000d6400000)
  to   space 3584K, 0% used [0x00000000d5d00000,0x00000000d5d00000,0x00000000d6080000)
 ParOldGen       total 592896K, used 268588K [0x0000000080000000, 0x00000000a4300000, 0x00000000d5580000)
  object space 592896K, 45% used [0x0000000080000000,0x000000009064b2e8,0x00000000a4300000)
 Metaspace       used 81733K, committed 83392K, reserved 1179648K
  class space    used 8349K, committed 9152K, reserved 1048576K
}

