# JRE version: Java(TM) SE Runtime Environment (21.0.10+8) (build 21.0.10+8-LTS-217)
# Java VM: Java HotSpot(TM) 64-Bit Server VM (21.0.10+8-LTS-217, mixed mode, sharing, tiered, compressed oops, compressed class ptrs, g1 gc, windows-amd64)
GC Precious Log:
 CardTable entry size: 512
 Card Set container configuration: InlinePtr #cards 5 size 8 Array Of Cards #cards 12 size 40 Howl #buckets 4 coarsen threshold 1843 Howl Bitmap #cards 512 size 80 coarsen threshold 460 Card regions per heap region 1 cards per card region 2048
 CPUs: 8 total, 8 available
 Memory: 8078M
 Large Page Support: Disabled
 NUMA Support: Disabled
 Compressed Oops: Enabled (32-bit)
 Heap Region Size: 1M
 Heap Min Capacity: 8M
 Heap Initial Capacity: 128M
 Heap Max Capacity: 2020M
 Pre-touch: Disabled
 Parallel Workers: 8
 Concurrent Workers: 2
 Concurrent Refinement Workers: 8
 Periodic GC: Disabled
Heap:
 garbage-first heap   total 61440K, used 44747K [0x0000000081c00000, 0x0000000100000000)
  region size 1024K, 25 young (25600K), 4 survivors (4096K)
 Metaspace       used 43674K, committed 44224K, reserved 1114112K
  class space    used 5353K, committed 5632K, reserved 1048576K
GC Heap History (16 events):
Event: 1.864 GC heap before
{Heap before GC invocations=0 (full 0):
 garbage-first heap   total 131072K, used 25600K [0x0000000081c00000, 0x0000000100000000)
  region size 1024K, 23 young (23552K), 0 survivors (0K)
 Metaspace       used 5981K, committed 6144K, reserved 1114112K
  class space    used 548K, committed 640K, reserved 1048576K
}
Event: 1.876 GC heap after
{Heap after GC invocations=1 (full 0):
 garbage-first heap   total 131072K, used 9471K [0x0000000081c00000, 0x0000000100000000)
  region size 1024K, 3 young (3072K), 3 survivors (3072K)
 Metaspace       used 5981K, committed 6144K, reserved 1114112K
  class space    used 548K, committed 640K, reserved 1048576K
}
Event: 3.475 GC heap before
{Heap before GC invocations=1 (full 0):
 garbage-first heap   total 131072K, used 38143K [0x0000000081c00000, 0x0000000100000000)
  region size 1024K, 28 young (28672K), 3 survivors (3072K)
 Metaspace       used 12476K, committed 12672K, reserved 1114112K
  class space    used 1296K, committed 1408K, reserved 1048576K
}
Event: 3.488 GC heap after
{Heap after GC invocations=2 (full 0):
 garbage-first heap   total 131072K, used 13591K [0x0000000081c00000, 0x0000000100000000)
  region size 1024K, 3 young (3072K), 3 survivors (3072K)
 Metaspace       used 12476K, committed 12672K, reserved 1114112K
  class space    used 1296K, committed 1408K, reserved 1048576K
}
Event: 5.824 GC heap before
{Heap before GC invocations=2 (full 0):
 garbage-first heap   total 131072K, used 47383K [0x0000000081c00000, 0x0000000100000000)
  region size 1024K, 38 young (38912K), 3 survivors (3072K)
 Metaspace       used 21097K, committed 21568K, reserved 1114112K
  class space    used 2537K, committed 2752K, reserved 1048576K
}
Event: 5.834 GC heap after
{Heap after GC invocations=3 (full 0):
 garbage-first heap   total 131072K, used 16222K [0x0000000081c00000, 0x0000000100000000)
  region size 1024K, 6 young (6144K), 6 survivors (6144K)
 Metaspace       used 21097K, committed 21568K, reserved 1114112K
  class space    used 2537K, committed 2752K, reserved 1048576K
}
Event: 6.732 GC heap before
{Heap before GC invocations=4 (full 0):
 garbage-first heap   total 61440K, used 44894K [0x0000000081c00000, 0x0000000100000000)
  region size 1024K, 36 young (36864K), 6 survivors (6144K)
 Metaspace       used 27602K, committed 27968K, reserved 1114112K
  class space    used 3246K, committed 3392K, reserved 1048576K
}
Event: 6.741 GC heap after
{Heap after GC invocations=5 (full 0):
 garbage-first heap   total 61440K, used 16423K [0x0000000081c00000, 0x0000000100000000)
  region size 1024K, 3 young (3072K), 3 survivors (3072K)
 Metaspace       used 27602K, committed 27968K, reserved 1114112K
  class space    used 3246K, committed 3392K, reserved 1048576K
}
Event: 8.154 GC heap before
{Heap before GC invocations=5 (full 0):
 garbage-first heap   total 61440K, used 46119K [0x0000000081c00000, 0x0000000100000000)
  region size 1024K, 33 young (33792K), 3 survivors (3072K)
 Metaspace       used 30037K, committed 30464K, reserved 1114112K
  class space    used 3536K, committed 3712K, reserved 1048576K
}
Event: 8.166 GC heap after
{Heap after GC invocations=6 (full 0):
 garbage-first heap   total 61440K, used 20002K [0x0000000081c00000, 0x0000000100000000)
  region size 1024K, 5 young (5120K), 5 survivors (5120K)
 Metaspace       used 30037K, committed 30464K, reserved 1114112K
  class space    used 3536K, committed 3712K, reserved 1048576K
}
Event: 9.843 GC heap before
{Heap before GC invocations=6 (full 0):
 garbage-first heap   total 61440K, used 47650K [0x0000000081c00000, 0x0000000100000000)
  region size 1024K, 32 young (32768K), 5 survivors (5120K)
 Metaspace       used 33309K, committed 33664K, reserved 1114112K
  class space    used 3984K, committed 4160K, reserved 1048576K
}
Event: 9.856 GC heap after
{Heap after GC invocations=7 (full 0):
 garbage-first heap   total 61440K, used 21504K [0x0000000081c00000, 0x0000000100000000)
  region size 1024K, 2 young (2048K), 2 survivors (2048K)
 Metaspace       used 33309K, committed 33664K, reserved 1114112K
  class space    used 3984K, committed 4160K, reserved 1048576K
}
Event: 10.767 GC heap before
{Heap before GC invocations=7 (full 0):
 garbage-first heap   total 61440K, used 34816K [0x0000000081c00000, 0x0000000100000000)
  region size 1024K, 16 young (16384K), 2 survivors (2048K)
 Metaspace       used 35691K, committed 36096K, reserved 1114112K
  class space    used 4361K, committed 4544K, reserved 1048576K
}
Event: 10.780 GC heap after
{Heap after GC invocations=8 (full 0):
 garbage-first heap   total 61440K, used 23284K [0x0000000081c00000, 0x0000000100000000)
  region size 1024K, 4 young (4096K), 4 survivors (4096K)
 Metaspace       used 35691K, committed 36096K, reserved 1114112K
  class space    used 4361K, committed 4544K, reserved 1048576K
}
Event: 12.103 GC heap before
{Heap before GC invocations=9 (full 0):
 garbage-first heap   total 61440K, used 51956K [0x0000000081c00000, 0x0000000100000000)
  region size 1024K, 31 young (31744K), 4 survivors (4096K)
 Metaspace       used 40619K, committed 41152K, reserved 1114112K
  class space    used 4953K, committed 5184K, reserved 1048576K
}
Event: 12.124 GC heap after
{Heap after GC invocations=10 (full 0):
 garbage-first heap   total 61440K, used 25291K [0x0000000081c00000, 0x0000000100000000)
  region size 1024K, 4 young (4096K), 4 survivors (4096K)
 Metaspace       used 40619K, committed 41152K, reserved 1114112K
  class space    used 4953K, committed 5184K, reserved 1048576K
}

